# JRE version: OpenJDK Runtime Environment (19.0.2+7) (build 19.0.2+7-44)
# Java VM: OpenJDK 64-Bit Server VM (19.0.2+7-44, mixed mode, sharing, tiered, compressed oops, compressed class ptrs, g1 gc, windows-amd64)
GC Precious Log:
 CardTable entry size: 512
 Card Set container configuration: InlinePtr #cards 4 size 8 Array Of Cards #cards 16 size 48 Howl #buckets 8 coarsen threshold 3686 Howl Bitmap #cards 512 size 80 coarsen threshold 460 Card regions per heap region 1 cards per card region 4096
 CPUs: 8 total, 8 available
 Memory: 16183M
 Large Page Support: Disabled
 NUMA Support: Disabled
 Compressed Oops: Enabled (Zero based)
 Heap Region Size: 2M
 Heap Min Capacity: 8M
 Heap Initial Capacity: 254M
 Heap Max Capacity: 4046M
 Pre-touch: Disabled
 Parallel Workers: 8
 Concurrent Workers: 2
 Concurrent Refinement Workers: 8
 Periodic GC: Disabled
Heap:
 garbage-first heap   total 81920K, used 29561K [0x0000000703200000, 0x0000000800000000)
  region size 2048K, 3 young (6144K), 1 survivors (2048K)
 Metaspace       used 42539K, committed 43136K, reserved 1114112K
  class space    used 5433K, committed 5696K, reserved 1048576K
GC Heap History (20 events):
Event: 3.502 GC heap before
{Heap before GC invocations=1 (full 0):
 garbage-first heap   total 260096K, used 25575K [0x0000000703200000, 0x0000000800000000)
  region size 2048K, 12 young (24576K), 2 survivors (4096K)
 Metaspace       used 9901K, committed 10240K, reserved 1114112K
  class space    used 1162K, committed 1344K, reserved 1048576K
}
Event: 3.509 GC heap after
{Heap after GC invocations=2 (full 0):
 garbage-first heap   total 260096K, used 8950K [0x0000000703200000, 0x0000000800000000)
  region size 2048K, 1 young (2048K), 1 survivors (2048K)
 Metaspace       used 9901K, committed 10240K, reserved 1114112K
  class space    used 1162K, committed 1344K, reserved 1048576K
}
Event: 6.152 GC heap before
{Heap before GC invocations=2 (full 0):
 garbage-first heap   total 260096K, used 70390K [0x0000000703200000, 0x0000000800000000)
  region size 2048K, 32 young (65536K), 1 survivors (2048K)
 Metaspace       used 20505K, committed 20864K, reserved 1114112K
  class space    used 2372K, committed 2560K, reserved 1048576K
}
Event: 6.165 GC heap after
{Heap after GC invocations=3 (full 0):
 garbage-first heap   total 260096K, used 13538K [0x0000000703200000, 0x0000000800000000)
  region size 2048K, 4 young (8192K), 4 survivors (8192K)
 Metaspace       used 20505K, committed 20864K, reserved 1114112K
  class space    used 2372K, committed 2560K, reserved 1048576K
}
Event: 6.451 GC heap before
{Heap before GC invocations=3 (full 0):
 garbage-first heap   total 260096K, used 19682K [0x0000000703200000, 0x0000000800000000)
  region size 2048K, 8 young (16384K), 4 survivors (8192K)
 Metaspace       used 21188K, committed 21504K, reserved 1114112K
  class space    used 2473K, committed 2624K, reserved 1048576K
}
Event: 6.459 GC heap after
{Heap after GC invocations=4 (full 0):
 garbage-first heap   total 260096K, used 14199K [0x0000000703200000, 0x0000000800000000)
  region size 2048K, 4 young (8192K), 4 survivors (8192K)
 Metaspace       used 21188K, committed 21504K, reserved 1114112K
  class space    used 2473K, committed 2624K, reserved 1048576K
}
Event: 7.982 GC heap before
{Heap before GC invocations=5 (full 0):
 garbage-first heap   total 61440K, used 42871K [0x0000000703200000, 0x0000000800000000)
  region size 2048K, 18 young (36864K), 4 survivors (8192K)
 Metaspace       used 27612K, committed 28096K, reserved 1114112K
  class space    used 3308K, committed 3520K, reserved 1048576K
}
Event: 8.005 GC heap after
{Heap after GC invocations=6 (full 0):
 garbage-first heap   total 61440K, used 17445K [0x0000000703200000, 0x0000000800000000)
  region size 2048K, 3 young (6144K), 3 survivors (6144K)
 Metaspace       used 27612K, committed 28096K, reserved 1114112K
  class space    used 3308K, committed 3520K, reserved 1048576K
}
Event: 8.051 GC heap before
{Heap before GC invocations=6 (full 0):
 garbage-first heap   total 61440K, used 17445K [0x0000000703200000, 0x0000000800000000)
  region size 2048K, 4 young (8192K), 3 survivors (6144K)
 Metaspace       used 27628K, committed 28096K, reserved 1114112K
  class space    used 3308K, committed 3520K, reserved 1048576K
}
Event: 8.066 GC heap after
{Heap after GC invocations=7 (full 0):
 garbage-first heap   total 61440K, used 18395K [0x0000000703200000, 0x0000000800000000)
  region size 2048K, 1 young (2048K), 1 survivors (2048K)
 Metaspace       used 27628K, committed 28096K, reserved 1114112K
  class space    used 3308K, committed 3520K, reserved 1048576K
}
Event: 8.870 GC heap before
{Heap before GC invocations=7 (full 0):
 garbage-first heap   total 61440K, used 40923K [0x0000000703200000, 0x0000000800000000)
  region size 2048K, 12 young (24576K), 1 survivors (2048K)
 Metaspace       used 29558K, committed 30016K, reserved 1114112K
  class space    used 3563K, committed 3776K, reserved 1048576K
}
Event: 8.880 GC heap after
{Heap after GC invocations=8 (full 0):
 garbage-first heap   total 61440K, used 18774K [0x0000000703200000, 0x0000000800000000)
  region size 2048K, 1 young (2048K), 1 survivors (2048K)
 Metaspace       used 29558K, committed 30016K, reserved 1114112K
  class space    used 3563K, committed 3776K, reserved 1048576K
}
Event: 10.067 GC heap before
{Heap before GC invocations=8 (full 0):
 garbage-first heap   total 61440K, used 43350K [0x0000000703200000, 0x0000000800000000)
  region size 2048K, 13 young (26624K), 1 survivors (2048K)
 Metaspace       used 33440K, committed 34048K, reserved 1114112K
  class space    used 4112K, committed 4416K, reserved 1048576K
}
Event: 10.079 GC heap after
{Heap after GC invocations=9 (full 0):
 garbage-first heap   total 161792K, used 19656K [0x0000000703200000, 0x0000000800000000)
  region size 2048K, 2 young (4096K), 2 survivors (4096K)
 Metaspace       used 33440K, committed 34048K, reserved 1114112K
  class space    used 4112K, committed 4416K, reserved 1048576K
}
Event: 10.503 GC heap before
{Heap before GC invocations=9 (full 0):
 garbage-first heap   total 161792K, used 27848K [0x0000000703200000, 0x0000000800000000)
  region size 2048K, 7 young (14336K), 2 survivors (4096K)
 Metaspace       used 35454K, committed 35968K, reserved 1114112K
  class space    used 4409K, committed 4672K, reserved 1048576K
}
Event: 10.513 GC heap after
{Heap after GC invocations=10 (full 0):
 garbage-first heap   total 161792K, used 20262K [0x0000000703200000, 0x0000000800000000)
  region size 2048K, 2 young (4096K), 2 survivors (4096K)
 Metaspace       used 35454K, committed 35968K, reserved 1114112K
  class space    used 4409K, committed 4672K, reserved 1048576K
}
Event: 12.625 GC heap before
{Heap before GC invocations=11 (full 0):
 garbage-first heap   total 81920K, used 65318K [0x0000000703200000, 0x0000000800000000)
  region size 2048K, 24 young (49152K), 2 survivors (4096K)
 Metaspace       used 41422K, committed 42048K, reserved 1114112K
  class space    used 5288K, committed 5568K, reserved 1048576K
}
Event: 12.651 GC heap after
{Heap after GC invocations=12 (full 0):
 garbage-first heap   total 81920K, used 26932K [0x0000000703200000, 0x0000000800000000)
  region size 2048K, 3 young (6144K), 3 survivors (6144K)
 Metaspace       used 41422K, committed 42048K, reserved 1114112K
  class space    used 5288K, committed 5568K, reserved 1048576K
}
Event: 12.801 GC heap before
{Heap before GC invocations=12 (full 0):
 garbage-first heap   total 81920K, used 28980K [0x0000000703200000, 0x0000000800000000)
  region size 2048K, 4 young (8192K), 3 survivors (6144K)
 Metaspace       used 41878K, committed 42496K, reserved 1114112K
  class space    used 5350K, committed 5632K, reserved 1048576K
}
Event: 12.816 GC heap after
{Heap after GC invocations=13 (full 0):
 garbage-first heap   total 81920K, used 27513K [0x0000000703200000, 0x0000000800000000)
  region size 2048K, 1 young (2048K), 1 survivors (2048K)
 Metaspace       used 41878K, committed 42496K, reserved 1114112K
  class space    used 5350K, committed 5632K, reserved 1048576K
}

